2020-05-11 01:47:30.441  INFO 7184 --- [main] c.t.d.TivoDownloadServiceApplication     : Starting TivoDownloadServiceApplication v0.0.1-SNAPSHOT on DESKTOP-KHBEN76 with PID 7184 (C:\Users\Raheal\Documents\angular-workspace\tivo-download-service-web\resources\tivo-download-service-0.0.1-SNAPSHOT.jar started by Raheal in C:\Users\Raheal\Documents\angular-workspace\tivo-download-service-web\resources)
2020-05-11 01:47:30.445  INFO 7184 --- [main] c.t.d.TivoDownloadServiceApplication     : No active profile set, falling back to default profiles: default
2020-05-11 01:47:31.918  INFO 7184 --- [main] o.s.b.w.embedded.tomcat.TomcatWebServer  : Tomcat initialized with port(s): 8080 (http)
2020-05-11 01:47:31.918  INFO 7184 --- [main] o.apache.catalina.core.StandardService   : Starting service [Tomcat]
2020-05-11 01:47:31.918  INFO 7184 --- [main] org.apache.catalina.core.StandardEngine  : Starting Servlet engine: [Apache Tomcat/9.0.27]
2020-05-11 01:47:32.248  INFO 7184 --- [main] o.a.c.c.C.[Tomcat].[localhost].[/]       : Initializing Spring embedded WebApplicationContext
2020-05-11 01:47:32.248  INFO 7184 --- [main] o.s.web.context.ContextLoader            : Root WebApplicationContext: initialization completed in 1743 ms
2020-05-11 01:47:32.522  INFO 7184 --- [main] c.t.d.service.impl.DownloadServiceImpl   : Running executor service
2020-05-11 01:47:32.582  INFO 7184 --- [main] o.s.s.concurrent.ThreadPoolTaskExecutor  : Initializing ExecutorService 'clientInboundChannelExecutor'
2020-05-11 01:47:32.598  INFO 7184 --- [main] o.s.s.concurrent.ThreadPoolTaskExecutor  : Initializing ExecutorService 'clientOutboundChannelExecutor'
2020-05-11 01:47:32.598  INFO 7184 --- [pool-2-thread-1] c.t.download.cache.DownloadStatusCache   : Download Record Cache is instantiated
2020-05-11 01:47:32.629  INFO 7184 --- [main] o.s.s.c.ThreadPoolTaskScheduler          : Initializing ExecutorService 'messageBrokerTaskScheduler'
2020-05-11 01:47:32.676  INFO 7184 --- [main] o.s.s.concurrent.ThreadPoolTaskExecutor  : Initializing ExecutorService 'brokerChannelExecutor'
2020-05-11 01:47:33.192  INFO 7184 --- [main] o.s.b.a.e.web.EndpointLinksResolver      : Exposing 15 endpoint(s) beneath base path '/actuator'
2020-05-11 01:47:33.225  INFO 7184 --- [main] o.s.m.s.b.SimpleBrokerMessageHandler     : Starting...
2020-05-11 01:47:33.225  INFO 7184 --- [main] o.s.m.s.b.SimpleBrokerMessageHandler     : BrokerAvailabilityEvent[available=true, SimpleBrokerMessageHandler [DefaultSubscriptionRegistry[cache[0 destination(s)], registry[0 sessions]]]]
2020-05-11 01:47:33.229  INFO 7184 --- [main] o.s.m.s.b.SimpleBrokerMessageHandler     : Started.
2020-05-11 01:47:33.260  INFO 7184 --- [main] o.apache.catalina.core.StandardService   : Stopping service [Tomcat]
2020-05-11 01:47:33.270  INFO 7184 --- [main] ConditionEvaluationReportLoggingListener : 

Error starting ApplicationContext. To display the conditions report re-run your application with 'debug' enabled.
2020-05-11 01:47:33.273 ERROR 7184 --- [main] o.s.b.d.LoggingFailureAnalysisReporter   : 

***************************
APPLICATION FAILED TO START
***************************

Description:

Web server failed to start. Port 8080 was already in use.

Action:

Identify and stop the process that's listening on port 8080 or configure this application to listen on another port.

2020-05-11 01:47:33.278  INFO 7184 --- [main] o.s.m.s.b.SimpleBrokerMessageHandler     : Stopping...
2020-05-11 01:47:33.278  INFO 7184 --- [main] o.s.m.s.b.SimpleBrokerMessageHandler     : BrokerAvailabilityEvent[available=false, SimpleBrokerMessageHandler [DefaultSubscriptionRegistry[cache[0 destination(s)], registry[0 sessions]]]]
2020-05-11 01:47:33.281  INFO 7184 --- [main] o.s.m.s.b.SimpleBrokerMessageHandler     : Stopped.
2020-05-11 01:47:33.283  INFO 7184 --- [main] o.s.s.concurrent.ThreadPoolTaskExecutor  : Shutting down ExecutorService 'brokerChannelExecutor'
2020-05-11 01:47:33.291  INFO 7184 --- [main] o.s.s.c.ThreadPoolTaskScheduler          : Shutting down ExecutorService 'messageBrokerTaskScheduler'
2020-05-11 01:47:33.292  INFO 7184 --- [main] c.t.d.s.impl.CacheControllerServiceImpl  : Scheduler is shutdown
2020-05-11 01:47:33.293  INFO 7184 --- [main] o.s.s.concurrent.ThreadPoolTaskExecutor  : Shutting down ExecutorService 'clientOutboundChannelExecutor'
2020-05-11 01:47:33.294  INFO 7184 --- [main] o.s.s.concurrent.ThreadPoolTaskExecutor  : Shutting down ExecutorService 'clientInboundChannelExecutor'
2020-05-11 01:47:33.294  INFO 7184 --- [main] c.t.d.service.impl.DownloadServiceImpl   : Executor service has stopped
2020-05-11 01:48:06.953  INFO 14344 --- [main] c.t.d.TivoDownloadServiceApplication     : Starting TivoDownloadServiceApplication v0.0.1-SNAPSHOT on DESKTOP-KHBEN76 with PID 14344 (C:\Users\Raheal\Documents\angular-workspace\tivo-download-service-web\resources\tivo-download-service-0.0.1-SNAPSHOT.jar started by Raheal in C:\Users\Raheal\Documents\angular-workspace\tivo-download-service-web\resources)
2020-05-11 01:48:06.953  INFO 14344 --- [main] c.t.d.TivoDownloadServiceApplication     : No active profile set, falling back to default profiles: default
2020-05-11 01:48:08.381  INFO 14344 --- [main] o.s.b.w.embedded.tomcat.TomcatWebServer  : Tomcat initialized with port(s): 8080 (http)
2020-05-11 01:48:08.397  INFO 14344 --- [main] o.apache.catalina.core.StandardService   : Starting service [Tomcat]
2020-05-11 01:48:08.397  INFO 14344 --- [main] org.apache.catalina.core.StandardEngine  : Starting Servlet engine: [Apache Tomcat/9.0.27]
2020-05-11 01:48:08.460  INFO 14344 --- [main] o.a.c.c.C.[Tomcat].[localhost].[/]       : Initializing Spring embedded WebApplicationContext
2020-05-11 01:48:08.460  INFO 14344 --- [main] o.s.web.context.ContextLoader            : Root WebApplicationContext: initialization completed in 1444 ms
2020-05-11 01:48:08.741  INFO 14344 --- [main] c.t.d.service.impl.DownloadServiceImpl   : Running executor service
2020-05-11 01:48:08.835  INFO 14344 --- [main] o.s.s.concurrent.ThreadPoolTaskExecutor  : Initializing ExecutorService 'clientInboundChannelExecutor'
2020-05-11 01:48:08.850  INFO 14344 --- [main] o.s.s.concurrent.ThreadPoolTaskExecutor  : Initializing ExecutorService 'clientOutboundChannelExecutor'
2020-05-11 01:48:08.866  INFO 14344 --- [pool-2-thread-1] c.t.download.cache.DownloadStatusCache   : Download Record Cache is instantiated
2020-05-11 01:48:08.897  INFO 14344 --- [main] o.s.s.c.ThreadPoolTaskScheduler          : Initializing ExecutorService 'messageBrokerTaskScheduler'
2020-05-11 01:48:08.959  INFO 14344 --- [main] o.s.s.concurrent.ThreadPoolTaskExecutor  : Initializing ExecutorService 'brokerChannelExecutor'
2020-05-11 01:48:09.443  INFO 14344 --- [main] o.s.b.a.e.web.EndpointLinksResolver      : Exposing 15 endpoint(s) beneath base path '/actuator'
2020-05-11 01:48:09.472  INFO 14344 --- [main] o.s.m.s.b.SimpleBrokerMessageHandler     : Starting...
2020-05-11 01:48:09.473  INFO 14344 --- [main] o.s.m.s.b.SimpleBrokerMessageHandler     : BrokerAvailabilityEvent[available=true, SimpleBrokerMessageHandler [DefaultSubscriptionRegistry[cache[0 destination(s)], registry[0 sessions]]]]
2020-05-11 01:48:09.476  INFO 14344 --- [main] o.s.m.s.b.SimpleBrokerMessageHandler     : Started.
2020-05-11 01:48:09.516  INFO 14344 --- [main] o.s.b.w.embedded.tomcat.TomcatWebServer  : Tomcat started on port(s): 8080 (http) with context path ''
2020-05-11 01:48:09.521  INFO 14344 --- [main] c.t.d.TivoDownloadServiceApplication     : Started TivoDownloadServiceApplication in 2.981 seconds (JVM running for 3.406)
2020-05-11 01:48:15.263  INFO 14344 --- [http-nio-8080-exec-1] o.a.c.c.C.[Tomcat].[localhost].[/]       : Initializing Spring DispatcherServlet 'dispatcherServlet'
2020-05-11 01:48:15.263  INFO 14344 --- [http-nio-8080-exec-1] o.s.web.servlet.DispatcherServlet        : Initializing Servlet 'dispatcherServlet'
2020-05-11 01:48:15.272  INFO 14344 --- [http-nio-8080-exec-1] o.s.web.servlet.DispatcherServlet        : Completed initialization in 6 ms
2020-05-11 01:49:06.877  INFO 14344 --- [http-nio-8080-exec-8] c.tivo.download.cache.DownloadLogCache   : Download Record Cache is instantiated
2020-05-11 01:49:06.907  INFO 14344 --- [pool-1-thread-1] c.t.download.service.DownloadExecutor    : [77d26a7c-8d4d-4235-bdc7-9c5797c3a89f] Processing request : DownloadRequestDto(url=https://www.youtube.com/watch?v=tDhhB9Qn2D8, outputFileName=bruce, startFileNumber=1, endFileNumber=2000, isStream=true, mediaMetadata=null, fileDownloadDirectory=C:/Users/Raheal/Documents/omega-files/77d26a7c-8d4d-4235-bdc7-9c5797c3a89f, taskId=, resumeDownload=false, processingPlan=STRAIGHT_THROUGH)
2020-05-11 01:49:06.913  INFO 14344 --- [pool-1-thread-1] c.t.d.processor.DownloadStreamProcessor  : [77d26a7c-8d4d-4235-bdc7-9c5797c3a89f] Run the DownloadStreamProcessor
2020-05-11 01:49:06.921  INFO 14344 --- [pool-1-thread-1] com.tivo.download.utils.GeneralUtils     : [77d26a7c-8d4d-4235-bdc7-9c5797c3a89f] Running command : [cmd,/c,C:/Users/Raheal/AppData/Local/Programs/Python/Python37-32/python.exe,youtube.py,"https://www.youtube.com/watch?v=tDhhB9Qn2D8",C:/Users/Raheal/Documents/omega-files/77d26a7c-8d4d-4235-bdc7-9c5797c3a89f,bruce]
2020-05-11 01:49:08.964  INFO 14344 --- [MessageBroker-1] o.s.w.s.c.WebSocketMessageBrokerStats    : WebSocketSession[0 current WS(0)-HttpStream(0)-HttpPoll(0), 0 total, 0 closed abnormally (0 connect failure, 0 send limit, 0 transport error)], stompSubProtocol[processed CONNECT(0)-CONNECTED(0)-DISCONNECT(0)], stompBrokerRelay[null], inboundChannel[pool size = 0, active threads = 0, queued tasks = 0, completed tasks = 0], outboundChannel[pool size = 0, active threads = 0, queued tasks = 0, completed tasks = 0], sockJsScheduler[pool size = 1, active threads = 1, queued tasks = 0, completed tasks = 0]
2020-05-11 01:49:51.939  INFO 14344 --- [pool-1-thread-1] com.tivo.download.utils.GeneralUtils     : [77d26a7c-8d4d-4235-bdc7-9c5797c3a89f]
[DEBUG] Description = Coronavirus: PM encourages some people to return to work - BBC News
[DEBUG] Chosen resolution = 720p

2020-05-11 01:49:51.939  INFO 14344 --- [pool-1-thread-1] c.t.download.processor.CleanupProcessor  : Deleting temporary files
2020-05-11 01:49:56.132 ERROR 14344 --- [http-nio-8080-exec-6] c.t.d.s.impl.ManagementServiceImpl       : C:\Users\Raheal\Documents\omega-files\77d26a7c-8d4d-4235-bdc7-9c5797c3a89f

java.nio.file.AccessDeniedException: C:\Users\Raheal\Documents\omega-files\77d26a7c-8d4d-4235-bdc7-9c5797c3a89f
	at sun.nio.fs.WindowsException.translateToIOException(Unknown Source) ~[na:1.8.0_211]
	at sun.nio.fs.WindowsException.rethrowAsIOException(Unknown Source) ~[na:1.8.0_211]
	at sun.nio.fs.WindowsException.rethrowAsIOException(Unknown Source) ~[na:1.8.0_211]
	at sun.nio.fs.WindowsDirectoryStream.<init>(Unknown Source) ~[na:1.8.0_211]
	at sun.nio.fs.WindowsFileSystemProvider.newDirectoryStream(Unknown Source) ~[na:1.8.0_211]
	at java.nio.file.Files.newDirectoryStream(Unknown Source) ~[na:1.8.0_211]
	at java.nio.file.Files.list(Unknown Source) ~[na:1.8.0_211]
	at com.tivo.download.service.impl.ManagementServiceImpl.listMediaFiles(ManagementServiceImpl.java:50) [classes!/:0.0.1-SNAPSHOT]
	at com.tivo.download.service.impl.ManagementServiceImpl.listMediaFilesInDownloadFolder(ManagementServiceImpl.java:37) [classes!/:0.0.1-SNAPSHOT]
	at com.tivo.download.rest.SummaryPanelController.getMediaFileDataForGivenDownloadDirectory(SummaryPanelController.java:31) [classes!/:0.0.1-SNAPSHOT]
	at sun.reflect.NativeMethodAccessorImpl.invoke0(Native Method) ~[na:1.8.0_211]
	at sun.reflect.NativeMethodAccessorImpl.invoke(Unknown Source) ~[na:1.8.0_211]
	at sun.reflect.DelegatingMethodAccessorImpl.invoke(Unknown Source) ~[na:1.8.0_211]
	at java.lang.reflect.Method.invoke(Unknown Source) ~[na:1.8.0_211]
	at org.springframework.web.method.support.InvocableHandlerMethod.doInvoke(InvocableHandlerMethod.java:190) [spring-web-5.2.0.RELEASE.jar!/:5.2.0.RELEASE]
	at org.springframework.web.method.support.InvocableHandlerMethod.invokeForRequest(InvocableHandlerMethod.java:138) [spring-web-5.2.0.RELEASE.jar!/:5.2.0.RELEASE]
	at org.springframework.web.servlet.mvc.method.annotation.ServletInvocableHandlerMethod.invokeAndHandle(ServletInvocableHandlerMethod.java:106) [spring-webmvc-5.2.0.RELEASE.jar!/:5.2.0.RELEASE]
	at org.springframework.web.servlet.mvc.method.annotation.RequestMappingHandlerAdapter.invokeHandlerMethod(RequestMappingHandlerAdapter.java:888) [spring-webmvc-5.2.0.RELEASE.jar!/:5.2.0.RELEASE]
	at org.springframework.web.servlet.mvc.method.annotation.RequestMappingHandlerAdapter.handleInternal(RequestMappingHandlerAdapter.java:793) [spring-webmvc-5.2.0.RELEASE.jar!/:5.2.0.RELEASE]
	at org.springframework.web.servlet.mvc.method.AbstractHandlerMethodAdapter.handle(AbstractHandlerMethodAdapter.java:87) [spring-webmvc-5.2.0.RELEASE.jar!/:5.2.0.RELEASE]
	at org.springframework.web.servlet.DispatcherServlet.doDispatch(DispatcherServlet.java:1040) [spring-webmvc-5.2.0.RELEASE.jar!/:5.2.0.RELEASE]
	at org.springframework.web.servlet.DispatcherServlet.doService(DispatcherServlet.java:943) [spring-webmvc-5.2.0.RELEASE.jar!/:5.2.0.RELEASE]
	at org.springframework.web.servlet.FrameworkServlet.processRequest(FrameworkServlet.java:1006) [spring-webmvc-5.2.0.RELEASE.jar!/:5.2.0.RELEASE]
	at org.springframework.web.servlet.FrameworkServlet.doGet(FrameworkServlet.java:898) [spring-webmvc-5.2.0.RELEASE.jar!/:5.2.0.RELEASE]
	at javax.servlet.http.HttpServlet.service(HttpServlet.java:634) [tomcat-embed-core-9.0.27.jar!/:9.0.27]
	at org.springframework.web.servlet.FrameworkServlet.service(FrameworkServlet.java:883) [spring-webmvc-5.2.0.RELEASE.jar!/:5.2.0.RELEASE]
	at javax.servlet.http.HttpServlet.service(HttpServlet.java:741) [tomcat-embed-core-9.0.27.jar!/:9.0.27]
	at org.apache.catalina.core.ApplicationFilterChain.internalDoFilter(ApplicationFilterChain.java:231) [tomcat-embed-core-9.0.27.jar!/:9.0.27]
	at org.apache.catalina.core.ApplicationFilterChain.doFilter(ApplicationFilterChain.java:166) [tomcat-embed-core-9.0.27.jar!/:9.0.27]
	at org.apache.tomcat.websocket.server.WsFilter.doFilter(WsFilter.java:53) [tomcat-embed-websocket-9.0.27.jar!/:9.0.27]
	at org.apache.catalina.core.ApplicationFilterChain.internalDoFilter(ApplicationFilterChain.java:193) [tomcat-embed-core-9.0.27.jar!/:9.0.27]
	at org.apache.catalina.core.ApplicationFilterChain.doFilter(ApplicationFilterChain.java:166) [tomcat-embed-core-9.0.27.jar!/:9.0.27]
	at org.springframework.web.filter.RequestContextFilter.doFilterInternal(RequestContextFilter.java:100) [spring-web-5.2.0.RELEASE.jar!/:5.2.0.RELEASE]
	at org.springframework.web.filter.OncePerRequestFilter.doFilter(OncePerRequestFilter.java:119) [spring-web-5.2.0.RELEASE.jar!/:5.2.0.RELEASE]
	at org.apache.catalina.core.ApplicationFilterChain.internalDoFilter(ApplicationFilterChain.java:193) [tomcat-embed-core-9.0.27.jar!/:9.0.27]
	at org.apache.catalina.core.ApplicationFilterChain.doFilter(ApplicationFilterChain.java:166) [tomcat-embed-core-9.0.27.jar!/:9.0.27]
	at org.springframework.web.filter.FormContentFilter.doFilterInternal(FormContentFilter.java:93) [spring-web-5.2.0.RELEASE.jar!/:5.2.0.RELEASE]
	at org.springframework.web.filter.OncePerRequestFilter.doFilter(OncePerRequestFilter.java:119) [spring-web-5.2.0.RELEASE.jar!/:5.2.0.RELEASE]
	at org.apache.catalina.core.ApplicationFilterChain.internalDoFilter(ApplicationFilterChain.java:193) [tomcat-embed-core-9.0.27.jar!/:9.0.27]
	at org.apache.catalina.core.ApplicationFilterChain.doFilter(ApplicationFilterChain.java:166) [tomcat-embed-core-9.0.27.jar!/:9.0.27]
	at org.springframework.boot.actuate.metrics.web.servlet.WebMvcMetricsFilter.doFilterInternal(WebMvcMetricsFilter.java:108) [spring-boot-actuator-2.2.0.BUILD-SNAPSHOT.jar!/:2.2.0.BUILD-SNAPSHOT]
	at org.springframework.web.filter.OncePerRequestFilter.doFilter(OncePerRequestFilter.java:119) [spring-web-5.2.0.RELEASE.jar!/:5.2.0.RELEASE]
	at org.apache.catalina.core.ApplicationFilterChain.internalDoFilter(ApplicationFilterChain.java:193) [tomcat-embed-core-9.0.27.jar!/:9.0.27]
	at org.apache.catalina.core.ApplicationFilterChain.doFilter(ApplicationFilterChain.java:166) [tomcat-embed-core-9.0.27.jar!/:9.0.27]
	at org.springframework.web.filter.CharacterEncodingFilter.doFilterInternal(CharacterEncodingFilter.java:201) [spring-web-5.2.0.RELEASE.jar!/:5.2.0.RELEASE]
	at org.springframework.web.filter.OncePerRequestFilter.doFilter(OncePerRequestFilter.java:119) [spring-web-5.2.0.RELEASE.jar!/:5.2.0.RELEASE]
	at org.apache.catalina.core.ApplicationFilterChain.internalDoFilter(ApplicationFilterChain.java:193) [tomcat-embed-core-9.0.27.jar!/:9.0.27]
	at org.apache.catalina.core.ApplicationFilterChain.doFilter(ApplicationFilterChain.java:166) [tomcat-embed-core-9.0.27.jar!/:9.0.27]
	at org.apache.catalina.core.StandardWrapperValve.invoke(StandardWrapperValve.java:202) [tomcat-embed-core-9.0.27.jar!/:9.0.27]
	at org.apache.catalina.core.StandardContextValve.invoke(StandardContextValve.java:96) [tomcat-embed-core-9.0.27.jar!/:9.0.27]
	at org.apache.catalina.authenticator.AuthenticatorBase.invoke(AuthenticatorBase.java:526) [tomcat-embed-core-9.0.27.jar!/:9.0.27]
	at org.apache.catalina.core.StandardHostValve.invoke(StandardHostValve.java:139) [tomcat-embed-core-9.0.27.jar!/:9.0.27]
	at org.apache.catalina.valves.ErrorReportValve.invoke(ErrorReportValve.java:92) [tomcat-embed-core-9.0.27.jar!/:9.0.27]
	at org.apache.catalina.core.StandardEngineValve.invoke(StandardEngineValve.java:74) [tomcat-embed-core-9.0.27.jar!/:9.0.27]
	at org.apache.catalina.connector.CoyoteAdapter.service(CoyoteAdapter.java:343) [tomcat-embed-core-9.0.27.jar!/:9.0.27]
	at org.apache.coyote.http11.Http11Processor.service(Http11Processor.java:408) [tomcat-embed-core-9.0.27.jar!/:9.0.27]
	at org.apache.coyote.AbstractProcessorLight.process(AbstractProcessorLight.java:66) [tomcat-embed-core-9.0.27.jar!/:9.0.27]
	at org.apache.coyote.AbstractProtocol$ConnectionHandler.process(AbstractProtocol.java:861) [tomcat-embed-core-9.0.27.jar!/:9.0.27]
	at org.apache.tomcat.util.net.NioEndpoint$SocketProcessor.doRun(NioEndpoint.java:1579) [tomcat-embed-core-9.0.27.jar!/:9.0.27]
	at org.apache.tomcat.util.net.SocketProcessorBase.run(SocketProcessorBase.java:49) [tomcat-embed-core-9.0.27.jar!/:9.0.27]
	at java.util.concurrent.ThreadPoolExecutor.runWorker(Unknown Source) [na:1.8.0_211]
	at java.util.concurrent.ThreadPoolExecutor$Worker.run(Unknown Source) [na:1.8.0_211]
	at org.apache.tomcat.util.threads.TaskThread$WrappingRunnable.run(TaskThread.java:61) [tomcat-embed-core-9.0.27.jar!/:9.0.27]
	at java.lang.Thread.run(Unknown Source) [na:1.8.0_211]

2020-05-11 01:49:56.345 ERROR 14344 --- [http-nio-8080-exec-5] c.t.d.s.impl.ManagementServiceImpl       : C:\Users\Raheal\Documents\omega-files\77d26a7c-8d4d-4235-bdc7-9c5797c3a89f

java.nio.file.AccessDeniedException: C:\Users\Raheal\Documents\omega-files\77d26a7c-8d4d-4235-bdc7-9c5797c3a89f
	at sun.nio.fs.WindowsException.translateToIOException(Unknown Source) ~[na:1.8.0_211]
	at sun.nio.fs.WindowsException.rethrowAsIOException(Unknown Source) ~[na:1.8.0_211]
	at sun.nio.fs.WindowsException.rethrowAsIOException(Unknown Source) ~[na:1.8.0_211]
	at sun.nio.fs.WindowsDirectoryStream.<init>(Unknown Source) ~[na:1.8.0_211]
	at sun.nio.fs.WindowsFileSystemProvider.newDirectoryStream(Unknown Source) ~[na:1.8.0_211]
	at java.nio.file.Files.newDirectoryStream(Unknown Source) ~[na:1.8.0_211]
	at java.nio.file.Files.list(Unknown Source) ~[na:1.8.0_211]
	at com.tivo.download.service.impl.ManagementServiceImpl.listMediaFiles(ManagementServiceImpl.java:50) [classes!/:0.0.1-SNAPSHOT]
	at com.tivo.download.service.impl.ManagementServiceImpl.listMediaFilesInDownloadFolder(ManagementServiceImpl.java:37) [classes!/:0.0.1-SNAPSHOT]
	at com.tivo.download.rest.SummaryPanelController.getMediaFileDataForGivenDownloadDirectory(SummaryPanelController.java:31) [classes!/:0.0.1-SNAPSHOT]
	at sun.reflect.NativeMethodAccessorImpl.invoke0(Native Method) ~[na:1.8.0_211]
	at sun.reflect.NativeMethodAccessorImpl.invoke(Unknown Source) ~[na:1.8.0_211]
	at sun.reflect.DelegatingMethodAccessorImpl.invoke(Unknown Source) ~[na:1.8.0_211]
	at java.lang.reflect.Method.invoke(Unknown Source) ~[na:1.8.0_211]
	at org.springframework.web.method.support.InvocableHandlerMethod.doInvoke(InvocableHandlerMethod.java:190) [spring-web-5.2.0.RELEASE.jar!/:5.2.0.RELEASE]
	at org.springframework.web.method.support.InvocableHandlerMethod.invokeForRequest(InvocableHandlerMethod.java:138) [spring-web-5.2.0.RELEASE.jar!/:5.2.0.RELEASE]
	at org.springframework.web.servlet.mvc.method.annotation.ServletInvocableHandlerMethod.invokeAndHandle(ServletInvocableHandlerMethod.java:106) [spring-webmvc-5.2.0.RELEASE.jar!/:5.2.0.RELEASE]
	at org.springframework.web.servlet.mvc.method.annotation.RequestMappingHandlerAdapter.invokeHandlerMethod(RequestMappingHandlerAdapter.java:888) [spring-webmvc-5.2.0.RELEASE.jar!/:5.2.0.RELEASE]
	at org.springframework.web.servlet.mvc.method.annotation.RequestMappingHandlerAdapter.handleInternal(RequestMappingHandlerAdapter.java:793) [spring-webmvc-5.2.0.RELEASE.jar!/:5.2.0.RELEASE]
	at org.springframework.web.servlet.mvc.method.AbstractHandlerMethodAdapter.handle(AbstractHandlerMethodAdapter.java:87) [spring-webmvc-5.2.0.RELEASE.jar!/:5.2.0.RELEASE]
	at org.springframework.web.servlet.DispatcherServlet.doDispatch(DispatcherServlet.java:1040) [spring-webmvc-5.2.0.RELEASE.jar!/:5.2.0.RELEASE]
	at org.springframework.web.servlet.DispatcherServlet.doService(DispatcherServlet.java:943) [spring-webmvc-5.2.0.RELEASE.jar!/:5.2.0.RELEASE]
	at org.springframework.web.servlet.FrameworkServlet.processRequest(FrameworkServlet.java:1006) [spring-webmvc-5.2.0.RELEASE.jar!/:5.2.0.RELEASE]
	at org.springframework.web.servlet.FrameworkServlet.doGet(FrameworkServlet.java:898) [spring-webmvc-5.2.0.RELEASE.jar!/:5.2.0.RELEASE]
	at javax.servlet.http.HttpServlet.service(HttpServlet.java:634) [tomcat-embed-core-9.0.27.jar!/:9.0.27]
	at org.springframework.web.servlet.FrameworkServlet.service(FrameworkServlet.java:883) [spring-webmvc-5.2.0.RELEASE.jar!/:5.2.0.RELEASE]
	at javax.servlet.http.HttpServlet.service(HttpServlet.java:741) [tomcat-embed-core-9.0.27.jar!/:9.0.27]
	at org.apache.catalina.core.ApplicationFilterChain.internalDoFilter(ApplicationFilterChain.java:231) [tomcat-embed-core-9.0.27.jar!/:9.0.27]
	at org.apache.catalina.core.ApplicationFilterChain.doFilter(ApplicationFilterChain.java:166) [tomcat-embed-core-9.0.27.jar!/:9.0.27]
	at org.apache.tomcat.websocket.server.WsFilter.doFilter(WsFilter.java:53) [tomcat-embed-websocket-9.0.27.jar!/:9.0.27]
	at org.apache.catalina.core.ApplicationFilterChain.internalDoFilter(ApplicationFilterChain.java:193) [tomcat-embed-core-9.0.27.jar!/:9.0.27]
	at org.apache.catalina.core.ApplicationFilterChain.doFilter(ApplicationFilterChain.java:166) [tomcat-embed-core-9.0.27.jar!/:9.0.27]
	at org.springframework.web.filter.RequestContextFilter.doFilterInternal(RequestContextFilter.java:100) [spring-web-5.2.0.RELEASE.jar!/:5.2.0.RELEASE]
	at org.springframework.web.filter.OncePerRequestFilter.doFilter(OncePerRequestFilter.java:119) [spring-web-5.2.0.RELEASE.jar!/:5.2.0.RELEASE]
	at org.apache.catalina.core.ApplicationFilterChain.internalDoFilter(ApplicationFilterChain.java:193) [tomcat-embed-core-9.0.27.jar!/:9.0.27]
	at org.apache.catalina.core.ApplicationFilterChain.doFilter(ApplicationFilterChain.java:166) [tomcat-embed-core-9.0.27.jar!/:9.0.27]
	at org.springframework.web.filter.FormContentFilter.doFilterInternal(FormContentFilter.java:93) [spring-web-5.2.0.RELEASE.jar!/:5.2.0.RELEASE]
	at org.springframework.web.filter.OncePerRequestFilter.doFilter(OncePerRequestFilter.java:119) [spring-web-5.2.0.RELEASE.jar!/:5.2.0.RELEASE]
	at org.apache.catalina.core.ApplicationFilterChain.internalDoFilter(ApplicationFilterChain.java:193) [tomcat-embed-core-9.0.27.jar!/:9.0.27]
	at org.apache.catalina.core.ApplicationFilterChain.doFilter(ApplicationFilterChain.java:166) [tomcat-embed-core-9.0.27.jar!/:9.0.27]
	at org.springframework.boot.actuate.metrics.web.servlet.WebMvcMetricsFilter.doFilterInternal(WebMvcMetricsFilter.java:108) [spring-boot-actuator-2.2.0.BUILD-SNAPSHOT.jar!/:2.2.0.BUILD-SNAPSHOT]
	at org.springframework.web.filter.OncePerRequestFilter.doFilter(OncePerRequestFilter.java:119) [spring-web-5.2.0.RELEASE.jar!/:5.2.0.RELEASE]
	at org.apache.catalina.core.ApplicationFilterChain.internalDoFilter(ApplicationFilterChain.java:193) [tomcat-embed-core-9.0.27.jar!/:9.0.27]
	at org.apache.catalina.core.ApplicationFilterChain.doFilter(ApplicationFilterChain.java:166) [tomcat-embed-core-9.0.27.jar!/:9.0.27]
	at org.springframework.web.filter.CharacterEncodingFilter.doFilterInternal(CharacterEncodingFilter.java:201) [spring-web-5.2.0.RELEASE.jar!/:5.2.0.RELEASE]
	at org.springframework.web.filter.OncePerRequestFilter.doFilter(OncePerRequestFilter.java:119) [spring-web-5.2.0.RELEASE.jar!/:5.2.0.RELEASE]
	at org.apache.catalina.core.ApplicationFilterChain.internalDoFilter(ApplicationFilterChain.java:193) [tomcat-embed-core-9.0.27.jar!/:9.0.27]
	at org.apache.catalina.core.ApplicationFilterChain.doFilter(ApplicationFilterChain.java:166) [tomcat-embed-core-9.0.27.jar!/:9.0.27]
	at org.apache.catalina.core.StandardWrapperValve.invoke(StandardWrapperValve.java:202) [tomcat-embed-core-9.0.27.jar!/:9.0.27]
	at org.apache.catalina.core.StandardContextValve.invoke(StandardContextValve.java:96) [tomcat-embed-core-9.0.27.jar!/:9.0.27]
	at org.apache.catalina.authenticator.AuthenticatorBase.invoke(AuthenticatorBase.java:526) [tomcat-embed-core-9.0.27.jar!/:9.0.27]
	at org.apache.catalina.core.StandardHostValve.invoke(StandardHostValve.java:139) [tomcat-embed-core-9.0.27.jar!/:9.0.27]
	at org.apache.catalina.valves.ErrorReportValve.invoke(ErrorReportValve.java:92) [tomcat-embed-core-9.0.27.jar!/:9.0.27]
	at org.apache.catalina.core.StandardEngineValve.invoke(StandardEngineValve.java:74) [tomcat-embed-core-9.0.27.jar!/:9.0.27]
	at org.apache.catalina.connector.CoyoteAdapter.service(CoyoteAdapter.java:343) [tomcat-embed-core-9.0.27.jar!/:9.0.27]
	at org.apache.coyote.http11.Http11Processor.service(Http11Processor.java:408) [tomcat-embed-core-9.0.27.jar!/:9.0.27]
	at org.apache.coyote.AbstractProcessorLight.process(AbstractProcessorLight.java:66) [tomcat-embed-core-9.0.27.jar!/:9.0.27]
	at org.apache.coyote.AbstractProtocol$ConnectionHandler.process(AbstractProtocol.java:861) [tomcat-embed-core-9.0.27.jar!/:9.0.27]
	at org.apache.tomcat.util.net.NioEndpoint$SocketProcessor.doRun(NioEndpoint.java:1579) [tomcat-embed-core-9.0.27.jar!/:9.0.27]
	at org.apache.tomcat.util.net.SocketProcessorBase.run(SocketProcessorBase.java:49) [tomcat-embed-core-9.0.27.jar!/:9.0.27]
	at java.util.concurrent.ThreadPoolExecutor.runWorker(Unknown Source) [na:1.8.0_211]
	at java.util.concurrent.ThreadPoolExecutor$Worker.run(Unknown Source) [na:1.8.0_211]
	at org.apache.tomcat.util.threads.TaskThread$WrappingRunnable.run(TaskThread.java:61) [tomcat-embed-core-9.0.27.jar!/:9.0.27]
	at java.lang.Thread.run(Unknown Source) [na:1.8.0_211]

2020-05-11 01:58:41.668  INFO 14344 --- [SpringContextShutdownHook] o.s.m.s.b.SimpleBrokerMessageHandler     : Stopping...
2020-05-11 01:58:41.668  INFO 14344 --- [SpringContextShutdownHook] o.s.m.s.b.SimpleBrokerMessageHandler     : BrokerAvailabilityEvent[available=false, SimpleBrokerMessageHandler [DefaultSubscriptionRegistry[cache[0 destination(s)], registry[0 sessions]]]]
2020-05-11 01:58:41.668  INFO 14344 --- [SpringContextShutdownHook] o.s.m.s.b.SimpleBrokerMessageHandler     : Stopped.
2020-05-11 01:58:41.668  INFO 14344 --- [SpringContextShutdownHook] o.s.s.concurrent.ThreadPoolTaskExecutor  : Shutting down ExecutorService 'brokerChannelExecutor'
2020-05-11 01:58:41.668  INFO 14344 --- [SpringContextShutdownHook] o.s.s.c.ThreadPoolTaskScheduler          : Shutting down ExecutorService 'messageBrokerTaskScheduler'
2020-05-11 01:58:41.683  INFO 14344 --- [SpringContextShutdownHook] c.t.d.s.impl.CacheControllerServiceImpl  : Scheduler is shutdown
2020-05-11 01:58:41.683  INFO 14344 --- [SpringContextShutdownHook] o.s.s.concurrent.ThreadPoolTaskExecutor  : Shutting down ExecutorService 'clientOutboundChannelExecutor'
2020-05-11 01:58:41.683  INFO 14344 --- [SpringContextShutdownHook] o.s.s.concurrent.ThreadPoolTaskExecutor  : Shutting down ExecutorService 'clientInboundChannelExecutor'
2020-05-11 01:58:41.683  INFO 14344 --- [SpringContextShutdownHook] c.t.d.service.impl.DownloadServiceImpl   : Executor service has stopped
